2022-07-14 16:31:33 INFO  Xfile:45 - Doc Thong Tin Tu File Thanh Cong
  2022-07-14 16:31:51 INFO  Xfile:45 - Doc Thong Tin Tu File Thanh Cong
  2022-07-14 16:33:13 INFO  Global:55 - Lưu Thành Công
  2022-07-14 16:33:13 INFO  Xfile:86 - Ghi File Thanh Cong
  2022-07-14 16:33:15 INFO  Xfile:45 - Doc Thong Tin Tu File Thanh Cong
  2022-07-14 16:33:18 INFO  Xfile:45 - Doc Thong Tin Tu File Thanh Cong
  2022-07-14 17:07:13 INFO  Xfile:45 - Doc Thong Tin Tu File Thanh Cong
  2022-07-14 17:07:18 INFO  Xfile:45 - Doc Thong Tin Tu File Thanh Cong
  2022-07-14 17:10:38 INFO  Xfile:45 - Doc Thong Tin Tu File Thanh Cong
  2022-07-14 17:10:43 INFO  Xfile:45 - Doc Thong Tin Tu File Thanh Cong
  2022-07-14 17:10:48 INFO  Xfile:45 - Doc Thong Tin Tu File Thanh Cong
  2022-07-14 17:10:53 INFO  Xfile:45 - Doc Thong Tin Tu File Thanh Cong
  2022-07-14 17:11:19 INFO  Xfile:45 - Doc Thong Tin Tu File Thanh Cong
  2022-07-14 17:11:24 INFO  Xfile:45 - Doc Thong Tin Tu File Thanh Cong
  2022-07-14 17:11:29 INFO  Xfile:45 - Doc Thong Tin Tu File Thanh Cong
  2022-07-14 17:13:47 INFO  Xfile:45 - Doc Thong Tin Tu File Thanh Cong
  2022-07-14 17:13:52 INFO  Xfile:45 - Doc Thong Tin Tu File Thanh Cong
  2022-07-14 17:14:47 INFO  Xfile:45 - Doc Thong Tin Tu File Thanh Cong
  2022-07-14 17:14:52 INFO  Xfile:45 - Doc Thong Tin Tu File Thanh Cong
  2022-07-14 17:14:57 INFO  Xfile:45 - Doc Thong Tin Tu File Thanh Cong
  2022-07-14 17:15:29 INFO  Xfile:45 - Doc Thong Tin Tu File Thanh Cong
  2022-07-14 17:15:31 INFO  Xfile:45 - Doc Thong Tin Tu File Thanh Cong
  2022-07-14 17:15:34 INFO  Xfile:45 - Doc Thong Tin Tu File Thanh Cong
  2022-07-14 17:15:39 INFO  Xfile:45 - Doc Thong Tin Tu File Thanh Cong
  2022-07-14 17:15:42 INFO  Global:56 - Lưu Thành Công
  2022-07-14 17:15:42 INFO  ThreadOne:28 - Them Student Vao Quee
  2022-07-14 17:15:42 INFO  Xfile:86 - Ghi File Thanh Cong
  2022-07-14 17:15:42 INFO  ThreadOne:31 - Ghi Student Tu Quee Vao File
  2022-07-14 17:15:44 INFO  Xfile:45 - Doc Thong Tin Tu File Thanh Cong
  2022-07-14 17:15:44 INFO  Xfile:45 - Doc Thong Tin Tu File Thanh Cong
  2022-07-14 17:15:49 INFO  Xfile:45 - Doc Thong Tin Tu File Thanh Cong
  2022-07-14 17:15:54 INFO  Xfile:45 - Doc Thong Tin Tu File Thanh Cong
  2022-07-14 17:15:59 INFO  Xfile:45 - Doc Thong Tin Tu File Thanh Cong
  2022-07-14 17:16:08 INFO  Xfile:45 - Doc Thong Tin Tu File Thanh Cong
  2022-07-14 17:16:13 INFO  Xfile:45 - Doc Thong Tin Tu File Thanh Cong
  2022-07-14 17:17:04 INFO  Xfile:45 - Doc Thong Tin Tu File Thanh Cong
  2022-07-14 17:17:09 INFO  Xfile:45 - Doc Thong Tin Tu File Thanh Cong
  2022-07-14 17:17:14 INFO  Xfile:45 - Doc Thong Tin Tu File Thanh Cong
  2022-07-14 17:19:30 INFO  Xfile:45 - Doc Thong Tin Tu File Thanh Cong
  2022-07-14 17:19:35 INFO  Xfile:45 - Doc Thong Tin Tu File Thanh Cong
  2022-07-14 17:19:40 INFO  Xfile:45 - Doc Thong Tin Tu File Thanh Cong
  2022-07-14 17:20:00 INFO  Xfile:45 - Doc Thong Tin Tu File Thanh Cong
  2022-07-14 17:20:05 INFO  Xfile:45 - Doc Thong Tin Tu File Thanh Cong
  2022-07-14 17:21:09 INFO  Xfile:45 - Doc Thong Tin Tu File Thanh Cong
  2022-07-14 17:21:14 INFO  Xfile:45 - Doc Thong Tin Tu File Thanh Cong
  2022-07-14 17:23:36 INFO  Xfile:45 - Doc Thong Tin Tu File Thanh Cong
  2022-07-14 17:23:45 INFO  Xfile:45 - Doc Thong Tin Tu File Thanh Cong
  2022-07-14 22:07:19 INFO  Xfile:45 - Doc Thong Tin Tu File Thanh Cong
  2022-07-14 22:08:35 INFO  Xfile:45 - Doc Thong Tin Tu File Thanh Cong
  2022-07-14 22:09:37 INFO  Xfile:45 - Doc Thong Tin Tu File Thanh Cong
  2022-07-14 22:14:50 INFO  Xfile:45 - Doc Thong Tin Tu File Thanh Cong
  2022-07-14 22:15:14 INFO  Xfile:45 - Doc Thong Tin Tu File Thanh Cong
  2022-07-14 22:15:59 INFO  Xfile:45 - Doc Thong Tin Tu File Thanh Cong
  2022-07-14 22:19:41 INFO  Xfile:45 - Doc Thong Tin Tu File Thanh Cong
  2022-07-14 22:20:01 INFO  Xfile:45 - Doc Thong Tin Tu File Thanh Cong
  2022-07-14 22:22:04 INFO  Xfile:45 - Doc Thong Tin Tu File Thanh Cong
  2022-07-14 22:24:44 INFO  Xfile:45 - Doc Thong Tin Tu File Thanh Cong
  2022-07-14 22:27:06 INFO  Xfile:45 - Doc Thong Tin Tu File Thanh Cong
  2022-07-14 22:28:15 INFO  Xfile:45 - Doc Thong Tin Tu File Thanh Cong
  2022-07-14 22:28:38 INFO  Xfile:45 - Doc Thong Tin Tu File Thanh Cong
  2022-07-14 22:29:51 INFO  Xfile:45 - Doc Thong Tin Tu File Thanh Cong
  2022-07-14 22:32:05 INFO  Xfile:45 - Doc Thong Tin Tu File Thanh Cong
  2022-07-14 22:33:04 INFO  Xfile:45 - Doc Thong Tin Tu File Thanh Cong
  2022-07-14 22:34:01 INFO  Xfile:45 - Doc Thong Tin Tu File Thanh Cong
  2022-07-14 22:34:17 INFO  Xfile:45 - Doc Thong Tin Tu File Thanh Cong
  2022-07-14 22:35:06 INFO  Xfile:45 - Doc Thong Tin Tu File Thanh Cong
  2022-07-14 22:35:22 INFO  Xfile:45 - Doc Thong Tin Tu File Thanh Cong
  2022-07-14 22:35:52 INFO  Xfile:45 - Doc Thong Tin Tu File Thanh Cong
  2022-07-14 22:36:21 INFO  Xfile:45 - Doc Thong Tin Tu File Thanh Cong
  2022-07-14 22:36:31 INFO  Xfile:45 - Doc Thong Tin Tu File Thanh Cong
  2022-07-14 22:37:06 INFO  Xfile:45 - Doc Thong Tin Tu File Thanh Cong
  2022-07-14 22:37:49 INFO  Xfile:45 - Doc Thong Tin Tu File Thanh Cong
  2022-07-14 22:38:13 INFO  Xfile:45 - Doc Thong Tin Tu File Thanh Cong
  2022-07-14 22:38:29 INFO  Xfile:45 - Doc Thong Tin Tu File Thanh Cong
  2022-07-14 22:39:38 INFO  Xfile:45 - Doc Thong Tin Tu File Thanh Cong
  2022-07-14 22:40:06 INFO  Xfile:45 - Doc Thong Tin Tu File Thanh Cong
  2022-07-14 22:40:19 INFO  Xfile:45 - Doc Thong Tin Tu File Thanh Cong
  2022-07-14 22:41:56 INFO  Xfile:45 - Doc Thong Tin Tu File Thanh Cong
  2022-07-14 22:43:02 INFO  Xfile:45 - Doc Thong Tin Tu File Thanh Cong
  2022-07-14 22:44:29 INFO  Xfile:45 - Doc Thong Tin Tu File Thanh Cong
  2022-07-14 22:45:22 INFO  Xfile:45 - Doc Thong Tin Tu File Thanh Cong
  2022-07-14 22:45:33 INFO  Xfile:45 - Doc Thong Tin Tu File Thanh Cong
  2022-07-14 22:45:54 INFO  Xfile:45 - Doc Thong Tin Tu File Thanh Cong
  2022-07-14 22:46:14 INFO  Xfile:45 - Doc Thong Tin Tu File Thanh Cong
  2022-07-14 22:46:59 INFO  Xfile:45 - Doc Thong Tin Tu File Thanh Cong
  2022-07-14 22:47:11 INFO  Xfile:45 - Doc Thong Tin Tu File Thanh Cong
  2022-07-14 22:47:29 INFO  Xfile:45 - Doc Thong Tin Tu File Thanh Cong
  2022-07-14 22:48:00 INFO  Xfile:45 - Doc Thong Tin Tu File Thanh Cong
  2022-07-14 22:48:25 INFO  Xfile:45 - Doc Thong Tin Tu File Thanh Cong
  2022-07-14 22:48:37 INFO  Xfile:45 - Doc Thong Tin Tu File Thanh Cong
  2022-07-14 22:48:58 INFO  Xfile:45 - Doc Thong Tin Tu File Thanh Cong
  2022-07-14 22:56:11 INFO  Xfile:45 - Doc Thong Tin Tu File Thanh Cong
  2022-07-14 22:59:20 INFO  Xfile:45 - Doc Thong Tin Tu File Thanh Cong
  2022-07-14 23:00:32 INFO  Xfile:45 - Doc Thong Tin Tu File Thanh Cong
  2022-07-14 23:00:50 INFO  Xfile:45 - Doc Thong Tin Tu File Thanh Cong
  2022-07-14 23:01:17 INFO  Xfile:45 - Doc Thong Tin Tu File Thanh Cong
  2022-07-14 23:01:49 INFO  Xfile:45 - Doc Thong Tin Tu File Thanh Cong
  2022-07-14 23:02:02 INFO  Xfile:45 - Doc Thong Tin Tu File Thanh Cong
  2022-07-14 23:04:35 INFO  Xfile:45 - Doc Thong Tin Tu File Thanh Cong
  2022-07-14 23:06:52 INFO  Xfile:45 - Doc Thong Tin Tu File Thanh Cong
  2022-07-14 23:07:02 INFO  Xfile:45 - Doc Thong Tin Tu File Thanh Cong
  2022-07-14 23:07:53 INFO  Xfile:45 - Doc Thong Tin Tu File Thanh Cong
  2022-07-14 23:08:32 INFO  Xfile:45 - Doc Thong Tin Tu File Thanh Cong
  